[debug] [2025-06-07T13:17:39.833Z] ----------------------------------------------------------------------
[debug] [2025-06-07T13:17:39.843Z] Command:       C:\Program Files\nodejs\node.exe C:\Users\khard\AppData\Roaming\npm\node_modules\firebase-tools\lib\bin\firebase.js init
[debug] [2025-06-07T13:17:39.844Z] CLI Version:   14.6.0
[debug] [2025-06-07T13:17:39.844Z] Platform:      win32
[debug] [2025-06-07T13:17:39.845Z] Node Version:  v22.16.0
[debug] [2025-06-07T13:17:39.845Z] Time:          Sat Jun 07 2025 18:47:39 GMT+0530 (India Standard Time)
[debug] [2025-06-07T13:17:39.846Z] ----------------------------------------------------------------------
[debug] 
[debug] [2025-06-07T13:17:39.888Z] > command requires scopes: ["email","openid","https://www.googleapis.com/auth/cloudplatformprojects.readonly","https://www.googleapis.com/auth/firebase","https://www.googleapis.com/auth/cloud-platform"]
[debug] [2025-06-07T13:17:39.892Z] > authorizing via signed-in user (rugvedkharde2211@gmail.com)
[info] 
     ######## #### ########  ######## ########     ###     ######  ########
     ##        ##  ##     ## ##       ##     ##  ##   ##  ##       ##
     ######    ##  ########  ######   ########  #########  ######  ######
     ##        ##  ##    ##  ##       ##     ## ##     ##       ## ##
     ##       #### ##     ## ######## ########  ##     ##  ######  ########

You're about to initialize a Firebase project in this directory:

  D:\rugu\potfolio_new\portfolio

[debug] [2025-06-07T13:41:22.895Z] ----------------------------------------------------------------------
[debug] [2025-06-07T13:41:22.906Z] Command:       C:\Program Files\nodejs\node.exe C:\Users\khard\AppData\Roaming\npm\node_modules\firebase-tools\lib\bin\firebase.js init
[debug] [2025-06-07T13:41:22.907Z] CLI Version:   14.6.0
[debug] [2025-06-07T13:41:22.907Z] Platform:      win32
[debug] [2025-06-07T13:41:22.908Z] Node Version:  v22.16.0
[debug] [2025-06-07T13:41:22.908Z] Time:          Sat Jun 07 2025 19:11:22 GMT+0530 (India Standard Time)
[debug] [2025-06-07T13:41:22.909Z] ----------------------------------------------------------------------
[debug] 
[debug] [2025-06-07T13:41:22.946Z] > command requires scopes: ["email","openid","https://www.googleapis.com/auth/cloudplatformprojects.readonly","https://www.googleapis.com/auth/firebase","https://www.googleapis.com/auth/cloud-platform"]
[debug] [2025-06-07T13:41:22.946Z] > authorizing via signed-in user (rugvedkharde2211@gmail.com)
[info] 
     ######## #### ########  ######## ########     ###     ######  ########
     ##        ##  ##     ## ##       ##     ##  ##   ##  ##       ##
     ######    ##  ########  ######   ########  #########  ######  ######
     ##        ##  ##    ##  ##       ##     ## ##     ##       ## ##
     ##       #### ##     ## ######## ########  ##     ##  ######  ########

You're about to initialize a Firebase project in this directory:

  D:\rugu\potfolio_new\portfolio

[debug] [2025-06-07T13:41:36.619Z] ExitPromptError: User force closed the prompt with SIGINT
    at Interface.sigint (C:\Users\khard\AppData\Roaming\npm\node_modules\firebase-tools\node_modules\@inquirer\core\dist\commonjs\lib\create-prompt.js:101:37)
    at Interface.emit (node:events:518:28)
    at Interface.emit (node:domain:489:12)
    at [_ttyWrite] [as _ttyWrite] (node:internal/readline/interface:1128:18)
    at ReadStream.onkeypress (node:internal/readline/interface:267:20)
    at ReadStream.emit (node:events:530:35)
    at ReadStream.emit (node:domain:489:12)
    at emitKeys (node:internal/readline/utils:370:14)
    at emitKeys.next (<anonymous>)
    at ReadStream.onData (node:internal/readline/emitKeypressEvents:64:36)
[error] 
[error] Error: An unexpected error has occurred.
